[debug] [2023-08-25T07:54:09.179Z] ----------------------------------------------------------------------
[debug] [2023-08-25T07:54:09.185Z] Command:       /home/niko/.nvm/versions/node/v16.20.2/bin/node /home/niko/.nvm/versions/node/v16.20.2/bin/firebase init
[debug] [2023-08-25T07:54:09.187Z] CLI Version:   12.5.0
[debug] [2023-08-25T07:54:09.188Z] Platform:      linux
[debug] [2023-08-25T07:54:09.189Z] Node Version:  v16.20.2
[debug] [2023-08-25T07:54:09.190Z] Time:          Fri Aug 25 2023 11:54:09 GMT+0400 (საქართველოს სტანდარტული დრო)
[debug] [2023-08-25T07:54:09.191Z] ----------------------------------------------------------------------
[debug] 
[debug] [2023-08-25T07:54:09.203Z] > command requires scopes: ["email","openid","https://www.googleapis.com/auth/cloudplatformprojects.readonly","https://www.googleapis.com/auth/firebase","https://www.googleapis.com/auth/cloud-platform"]
[debug] [2023-08-25T07:54:09.206Z] > authorizing via signed-in user (bitcamp124@gmail.com)
[info] 
     ######## #### ########  ######## ########     ###     ######  ########
     ##        ##  ##     ## ##       ##     ##  ##   ##  ##       ##
     ######    ##  ########  ######   ########  #########  ######  ######
     ##        ##  ##    ##  ##       ##     ## ##     ##       ## ##
     ##       #### ##     ## ######## ########  ##     ##  ######  ########

You're about to initialize a Firebase project in this directory:

  /home/niko/Desktop/fire-first/fire-first

[info] 
=== Project Setup
[info] 
[info] First, let's associate this project directory with a Firebase project.
[info] You can create multiple project aliases by running firebase use --add, 
[info] but for now we'll just set up a default project.
[info] 
[debug] [2023-08-25T07:57:22.588Z] >>> [apiv2][query] GET https://firebase.googleapis.com/v1beta1/projects pageSize=100
[debug] [2023-08-25T07:57:23.454Z] <<< [apiv2][status] GET https://firebase.googleapis.com/v1beta1/projects 200
[debug] [2023-08-25T07:57:23.455Z] <<< [apiv2][body] GET https://firebase.googleapis.com/v1beta1/projects [omitted]
[info] i  Using project fir-course-9603e (firebase-course) 
[info] 
=== Database Setup
[info] i  database: ensuring required API firebasedatabase.googleapis.com is enabled... 
[debug] [2023-08-25T07:59:27.061Z] >>> [apiv2][query] GET https://serviceusage.googleapis.com/v1/projects/fir-course-9603e/services/firebasedatabase.googleapis.com [none]
[debug] [2023-08-25T07:59:27.062Z] >>> [apiv2][(partial)header] GET https://serviceusage.googleapis.com/v1/projects/fir-course-9603e/services/firebasedatabase.googleapis.com x-goog-quota-user=projects/fir-course-9603e
[debug] [2023-08-25T07:59:28.562Z] <<< [apiv2][status] GET https://serviceusage.googleapis.com/v1/projects/fir-course-9603e/services/firebasedatabase.googleapis.com 200
[debug] [2023-08-25T07:59:28.562Z] <<< [apiv2][body] GET https://serviceusage.googleapis.com/v1/projects/fir-course-9603e/services/firebasedatabase.googleapis.com [omitted]
[warn] ⚠  database: missing required API firebasedatabase.googleapis.com. Enabling now... 
[debug] [2023-08-25T07:59:28.565Z] >>> [apiv2][query] POST https://serviceusage.googleapis.com/v1/projects/fir-course-9603e/services/firebasedatabase.googleapis.com:enable [none]
[debug] [2023-08-25T07:59:28.566Z] >>> [apiv2][(partial)header] POST https://serviceusage.googleapis.com/v1/projects/fir-course-9603e/services/firebasedatabase.googleapis.com:enable x-goog-quota-user=projects/fir-course-9603e
[debug] [2023-08-25T07:59:30.298Z] <<< [apiv2][status] POST https://serviceusage.googleapis.com/v1/projects/fir-course-9603e/services/firebasedatabase.googleapis.com:enable 200
[debug] [2023-08-25T07:59:30.298Z] <<< [apiv2][body] POST https://serviceusage.googleapis.com/v1/projects/fir-course-9603e/services/firebasedatabase.googleapis.com:enable [omitted]
[debug] [2023-08-25T07:59:40.310Z] >>> [apiv2][query] GET https://serviceusage.googleapis.com/v1/projects/fir-course-9603e/services/firebasedatabase.googleapis.com [none]
[debug] [2023-08-25T07:59:40.310Z] >>> [apiv2][(partial)header] GET https://serviceusage.googleapis.com/v1/projects/fir-course-9603e/services/firebasedatabase.googleapis.com x-goog-quota-user=projects/fir-course-9603e
[debug] [2023-08-25T07:59:41.664Z] <<< [apiv2][status] GET https://serviceusage.googleapis.com/v1/projects/fir-course-9603e/services/firebasedatabase.googleapis.com 200
[debug] [2023-08-25T07:59:41.664Z] <<< [apiv2][body] GET https://serviceusage.googleapis.com/v1/projects/fir-course-9603e/services/firebasedatabase.googleapis.com [omitted]
[info] ✔  database: required API firebasedatabase.googleapis.com is enabled 
[info] 
[debug] [2023-08-25T07:59:41.675Z] >>> [apiv2][query] GET https://firebase.googleapis.com/v1beta1/projects/fir-course-9603e [none]
[debug] [2023-08-25T07:59:42.172Z] <<< [apiv2][status] GET https://firebase.googleapis.com/v1beta1/projects/fir-course-9603e 200
[debug] [2023-08-25T07:59:42.172Z] <<< [apiv2][body] GET https://firebase.googleapis.com/v1beta1/projects/fir-course-9603e {"projectId":"fir-course-9603e","projectNumber":"713103152581","displayName":"firebase-course","name":"projects/fir-course-9603e","resources":{"hostingSite":"fir-course-9603e","storageBucket":"fir-course-9603e.appspot.com","locationId":"europe-west"},"state":"ACTIVE","etag":"1_eb714525-ed91-4957-8a57-ce1009f73023"}
[info] 
[info] Firebase Realtime Database Security Rules allow you to define how your data should be
[info] structured and when your data can be read from and written to.
[info] 
[info] ✔  Default rules have been written to clear		. 
[info] Future modifications to clear		 will update Realtime Database Security Rules when you run
[info] firebase deploy.
[info] 
=== Hosting Setup
[info] 
[info] Your public directory is the folder (relative to your project directory) that
[info] will contain Hosting assets to be uploaded with firebase deploy. If you
[info] have a build process for your assets, use your build's output directory.
[info] 
[info] ✔  Wrote public/404.html 
[debug] [2023-08-25T08:05:38.524Z] >>> [apiv2][query] GET https://www.gstatic.com/firebasejs/releases.json [none]
[debug] [2023-08-25T08:05:38.904Z] <<< [apiv2][status] GET https://www.gstatic.com/firebasejs/releases.json 200
[debug] [2023-08-25T08:05:38.905Z] <<< [apiv2][body] GET https://www.gstatic.com/firebasejs/releases.json {"current":{"version":"10.3.0","browserURL":"https://www.gstatic.com/firebasejs/10.3.0/firebase.js","packageURL":"https://www.gstatic.com/firebasejs/10.3.0/firebase.tgz"},"live":{"version":"10.3","browserURL":"https://www.gstatic.com/firebasejs/live/10.3/firebase.js","packageURL":"https://www.gstatic.com/firebasejs/live/10.3/firebase.tgz"},"components":{"analytics":"https://www.gstatic.com/firebasejs/10.3.0/firebase-analytics.js","app":"https://www.gstatic.com/firebasejs/10.3.0/firebase-app.js","app-check":"https://www.gstatic.com/firebasejs/10.3.0/firebase-app-check.js","auth":"https://www.gstatic.com/firebasejs/10.3.0/firebase-auth.js","auth/cordova":"https://www.gstatic.com/firebasejs/10.3.0/firebase-auth/cordova.js","functions":"https://www.gstatic.com/firebasejs/10.3.0/firebase-functions.js","firestore":"https://www.gstatic.com/firebasejs/10.3.0/firebase-firestore.js","firestore/lite":"https://www.gstatic.com/firebasejs/10.3.0/firebase-firestore/lite.js","installations":"https://www.gstatic.com/firebasejs/10.3.0/firebase-installations.js","storage":"https://www.gstatic.com/firebasejs/10.3.0/firebase-storage.js","performance":"https://www.gstatic.com/firebasejs/10.3.0/firebase-performance.js","remote-config":"https://www.gstatic.com/firebasejs/10.3.0/firebase-remote-config.js","messaging":"https://www.gstatic.com/firebasejs/10.3.0/firebase-messaging.js","messaging/sw":"https://www.gstatic.com/firebasejs/10.3.0/firebase-messaging/sw.js","database":"https://www.gstatic.com/firebasejs/10.3.0/firebase-database.js","firestore.memory":"https://www.gstatic.com/firebasejs/10.3.0/firebase-firestore.memory.js"}}
[info] i  Skipping write of public/index.html 
[info] 
[info] i  Didn't detect a .git folder. Assuming /home/niko/Desktop/fire-first/fire-first is the project root. 
[info] i  Authorizing with GitHub to upload your service account to a GitHub repository's secrets store. 
[info] 
[info] Visit this URL on this device to log in:
[info] https://github.com/login/oauth/authorize?client_id=89cf50f02ac6aaed3484&state=760577780&redirect_uri=http%3A%2F%2Flocalhost%3A9005&scope=read%3Auser%20repo%20public_repo
[info] 
[info] Waiting for authentication...
[debug] [2023-08-25T08:10:37.421Z] >>> [apiv2][query] POST https://github.com/login/oauth/access_token [none]
[debug] [2023-08-25T08:10:37.423Z] >>> [apiv2][body] POST https://github.com/login/oauth/access_token [stream]
[debug] [2023-08-25T08:10:37.897Z] <<< [apiv2][status] POST https://github.com/login/oauth/access_token 200
[debug] [2023-08-25T08:10:37.898Z] <<< [apiv2][body] POST https://github.com/login/oauth/access_token {"access_token":"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","token_type":"bearer","scope":"read:user,repo"}
[debug] [2023-08-25T08:10:37.907Z] >>> [apiv2][query] GET https://api.github.com/user [none]
[debug] [2023-08-25T08:10:38.611Z] <<< [apiv2][status] GET https://api.github.com/user 200
[debug] [2023-08-25T08:10:38.612Z] <<< [apiv2][body] GET https://api.github.com/user {"login":"tishex23","id":133659991,"node_id":"U_kgDOB_d9Vw","avatar_url":"https://avatars.githubusercontent.com/u/133659991?v=4","gravatar_id":"","url":"https://api.github.com/users/tishex23","html_url":"https://github.com/tishex23","followers_url":"https://api.github.com/users/tishex23/followers","following_url":"https://api.github.com/users/tishex23/following{/other_user}","gists_url":"https://api.github.com/users/tishex23/gists{/gist_id}","starred_url":"https://api.github.com/users/tishex23/starred{/owner}{/repo}","subscriptions_url":"https://api.github.com/users/tishex23/subscriptions","organizations_url":"https://api.github.com/users/tishex23/orgs","repos_url":"https://api.github.com/users/tishex23/repos","events_url":"https://api.github.com/users/tishex23/events{/privacy}","received_events_url":"https://api.github.com/users/tishex23/received_events","type":"User","site_admin":false,"name":null,"company":null,"blog":"","location":null,"email":null,"hireable":null,"bio":null,"twitter_username":null,"public_repos":0,"public_gists":0,"followers":0,"following":0,"created_at":"2023-05-15T11:57:38Z","updated_at":"2023-08-09T09:59:37Z","private_gists":0,"total_private_repos":0,"owned_private_repos":0,"disk_usage":0,"collaborators":0,"two_factor_authentication":false,"plan":{"name":"free","space":976562499,"collaborators":0,"private_repos":10000}}
[info] 
[info] ✔  Success! Logged into GitHub as tishex23 
[info] 
